# JRE version: OpenJDK Runtime Environment (8.0_212) (build 1.8.0_212-release-1586-b4-5784211)
# Java VM: OpenJDK 64-Bit Server VM (25.212-b4-5784211 mixed mode linux-amd64 compressed oops)
Heap:
 PSYoungGen      total 297984K, used 20898K [0x00000000e0000000, 0x00000000f7280000, 0x0000000100000000)
  eden space 265728K, 0% used [0x00000000e0000000,0x00000000e0000000,0x00000000f0380000)
  from space 32256K, 64% used [0x00000000f5300000,0x00000000f6768a00,0x00000000f7280000)
  to   space 24576K, 0% used [0x00000000f0380000,0x00000000f0380000,0x00000000f1b80000)
 ParOldGen       total 93184K, used 54713K [0x00000000a0000000, 0x00000000a5b00000, 0x00000000e0000000)
  object space 93184K, 58% used [0x00000000a0000000,0x00000000a356e550,0x00000000a5b00000)
 Metaspace       used 80517K, capacity 84166K, committed 84312K, reserved 1122304K
  class space    used 10886K, capacity 11600K, committed 11608K, reserved 1048576K
GC Heap History (10 events):
Event: 17,224 GC heap after
Heap after GC invocations=12 (full 2):
 PSYoungGen      total 247296K, used 19434K [0x00000000e0000000, 0x00000000f1400000, 0x0000000100000000)
  eden space 227840K, 0% used [0x00000000e0000000,0x00000000e0000000,0x00000000ede80000)
  from space 19456K, 99% used [0x00000000ef480000,0x00000000f077abd8,0x00000000f0780000)
  to   space 22528K, 0% used [0x00000000ede80000,0x00000000ede80000,0x00000000ef480000)
 ParOldGen       total 59904K, used 26634K [0x00000000a0000000, 0x00000000a3a80000, 0x00000000e0000000)
  object space 59904K, 44% used [0x00000000a0000000,0x00000000a1a02848,0x00000000a3a80000)
 Metaspace       used 57073K, capacity 59062K, committed 59096K, reserved 1099776K
  class space    used 7906K, capacity 8374K, committed 8408K, reserved 1048576K
}
Event: 17,224 GC heap before
{Heap before GC invocations=13 (full 3):
 PSYoungGen      total 247296K, used 19434K [0x00000000e0000000, 0x00000000f1400000, 0x0000000100000000)
  eden space 227840K, 0% used [0x00000000e0000000,0x00000000e0000000,0x00000000ede80000)
  from space 19456K, 99% used [0x00000000ef480000,0x00000000f077abd8,0x00000000f0780000)
  to   space 22528K, 0% used [0x00000000ede80000,0x00000000ede80000,0x00000000ef480000)
 ParOldGen       total 59904K, used 26634K [0x00000000a0000000, 0x00000000a3a80000, 0x00000000e0000000)
  object space 59904K, 44% used [0x00000000a0000000,0x00000000a1a02848,0x00000000a3a80000)
 Metaspace       used 57073K, capacity 59062K, committed 59096K, reserved 1099776K
  class space    used 7906K, capacity 8374K, committed 8408K, reserved 1048576K
Event: 17,685 GC heap after
Heap after GC invocations=13 (full 3):
 PSYoungGen      total 247296K, used 0K [0x00000000e0000000, 0x00000000f1400000, 0x0000000100000000)
  eden space 227840K, 0% used [0x00000000e0000000,0x00000000e0000000,0x00000000ede80000)
  from space 19456K, 0% used [0x00000000ef480000,0x00000000ef480000,0x00000000f0780000)
  to   space 22528K, 0% used [0x00000000ede80000,0x00000000ede80000,0x00000000ef480000)
 ParOldGen       total 93184K, used 33484K [0x00000000a0000000, 0x00000000a5b00000, 0x00000000e0000000)
  object space 93184K, 35% used [0x00000000a0000000,0x00000000a20b3370,0x00000000a5b00000)
 Metaspace       used 57038K, capacity 58964K, committed 59096K, reserved 1099776K
  class space    used 7896K, capacity 8355K, committed 8408K, reserved 1048576K
}
Event: 24,682 GC heap before
{Heap before GC invocations=14 (full 3):
 PSYoungGen      total 247296K, used 227840K [0x00000000e0000000, 0x00000000f1400000, 0x0000000100000000)
  eden space 227840K, 100% used [0x00000000e0000000,0x00000000ede80000,0x00000000ede80000)
  from space 19456K, 0% used [0x00000000ef480000,0x00000000ef480000,0x00000000f0780000)
  to   space 22528K, 0% used [0x00000000ede80000,0x00000000ede80000,0x00000000ef480000)
 ParOldGen       total 93184K, used 33484K [0x00000000a0000000, 0x00000000a5b00000, 0x00000000e0000000)
  object space 93184K, 35% used [0x00000000a0000000,0x00000000a20b3370,0x00000000a5b00000)
 Metaspace       used 62419K, capacity 64642K, committed 64984K, reserved 1105920K
  class space    used 8570K, capacity 9086K, committed 9176K, reserved 1048576K
Event: 24,713 GC heap after
Heap after GC invocations=14 (full 3):
 PSYoungGen      total 250368K, used 15860K [0x00000000e0000000, 0x00000000f3280000, 0x0000000100000000)
  eden space 227840K, 0% used [0x00000000e0000000,0x00000000e0000000,0x00000000ede80000)
  from space 22528K, 70% used [0x00000000ede80000,0x00000000eedfd3a8,0x00000000ef480000)
  to   space 23552K, 0% used [0x00000000f1b80000,0x00000000f1b80000,0x00000000f3280000)
 ParOldGen       total 93184K, used 33492K [0x00000000a0000000, 0x00000000a5b00000, 0x00000000e0000000)
  object space 93184K, 35% used [0x00000000a0000000,0x00000000a20b5370,0x00000000a5b00000)
 Metaspace       used 62419K, capacity 64642K, committed 64984K, reserved 1105920K
  class space    used 8570K, capacity 9086K, committed 9176K, reserved 1048576K
}
Event: 26,832 GC heap before
{Heap before GC invocations=15 (full 3):
 PSYoungGen      total 250368K, used 243700K [0x00000000e0000000, 0x00000000f3280000, 0x0000000100000000)
  eden space 227840K, 100% used [0x00000000e0000000,0x00000000ede80000,0x00000000ede80000)
  from space 22528K, 70% used [0x00000000ede80000,0x00000000eedfd3a8,0x00000000ef480000)
  to   space 23552K, 0% used [0x00000000f1b80000,0x00000000f1b80000,0x00000000f3280000)
 ParOldGen       total 93184K, used 33492K [0x00000000a0000000, 0x00000000a5b00000, 0x00000000e0000000)
  object space 93184K, 35% used [0x00000000a0000000,0x00000000a20b5370,0x00000000a5b00000)
 Metaspace       used 63276K, capacity 65538K, committed 65752K, reserved 1105920K
  class space    used 8630K, capacity 9150K, committed 9176K, reserved 1048576K
Event: 26,865 GC heap after
Heap after GC invocations=15 (full 3):
 PSYoungGen      total 289280K, used 15977K [0x00000000e0000000, 0x00000000f3580000, 0x0000000100000000)
  eden space 265728K, 0% used [0x00000000e0000000,0x00000000e0000000,0x00000000f0380000)
  from space 23552K, 67% used [0x00000000f1b80000,0x00000000f2b1a658,0x00000000f3280000)
  to   space 24576K, 0% used [0x00000000f0380000,0x00000000f0380000,0x00000000f1b80000)
 ParOldGen       total 93184K, used 33500K [0x00000000a0000000, 0x00000000a5b00000, 0x00000000e0000000)
  object space 93184K, 35% used [0x00000000a0000000,0x00000000a20b7370,0x00000000a5b00000)
 Metaspace       used 63276K, capacity 65538K, committed 65752K, reserved 1105920K
  class space    used 8630K, capacity 9150K, committed 9176K, reserved 1048576K
}
Event: 36,068 GC heap before
{Heap before GC invocations=16 (full 3):
 PSYoungGen      total 289280K, used 281705K [0x00000000e0000000, 0x00000000f3580000, 0x0000000100000000)
  eden space 265728K, 100% used [0x00000000e0000000,0x00000000f0380000,0x00000000f0380000)
  from space 23552K, 67% used [0x00000000f1b80000,0x00000000f2b1a658,0x00000000f3280000)
  to   space 24576K, 0% used [0x00000000f0380000,0x00000000f0380000,0x00000000f1b80000)
 ParOldGen       total 93184K, used 33500K [0x00000000a0000000, 0x00000000a5b00000, 0x00000000e0000000)
  object space 93184K, 35% used [0x00000000a0000000,0x00000000a20b7370,0x00000000a5b00000)
 Metaspace       used 74512K, capacity 77450K, committed 77528K, reserved 1116160K
  class space    used 10022K, capacity 10656K, committed 10712K, reserved 1048576K
Event: 36,244 GC heap after
Heap after GC invocations=16 (full 3):
 PSYoungGen      total 290304K, used 24556K [0x00000000e0000000, 0x00000000f7280000, 0x0000000100000000)
  eden space 265728K, 0% used [0x00000000e0000000,0x00000000e0000000,0x00000000f0380000)
  from space 24576K, 99% used [0x00000000f0380000,0x00000000f1b7b338,0x00000000f1b80000)
  to   space 32256K, 0% used [0x00000000f5300000,0x00000000f5300000,0x00000000f7280000)
 ParOldGen       total 93184K, used 44492K [0x00000000a0000000, 0x00000000a5b00000, 0x00000000e0000000)
  object space 93184K, 47% used [0x00000000a0000000,0x00000000a2b73278,0x00000000a5b00000)
 Metaspace       used 74512K, capacity 77450K, committed 77528K, reserved 1116160K
  class space    used 10022K, capacity 10656K, committed 10712K, reserved 1048576K
}
Event: 45,973 GC heap before
{Heap before GC invocations=17 (full 3):
 PSYoungGen      total 290304K, used 290284K [0x00000000e0000000, 0x00000000f7280000, 0x0000000100000000)
  eden space 265728K, 100% used [0x00000000e0000000,0x00000000f0380000,0x00000000f0380000)
  from space 24576K, 99% used [0x00000000f0380000,0x00000000f1b7b338,0x00000000f1b80000)
  to   space 32256K, 0% used [0x00000000f5300000,0x00000000f5300000,0x00000000f7280000)
 ParOldGen       total 93184K, used 44492K [0x00000000a0000000, 0x00000000a5b00000, 0x00000000e0000000)
  object space 93184K, 47% used [0x00000000a0000000,0x00000000a2b73278,0x00000000a5b00000)
 Metaspace       used 80517K, capacity 84166K, committed 84312K, reserved 1122304K
  class space    used 10886K, capacity 11600K, committed 11608K, reserved 1048576K

