# JRE version: OpenJDK Runtime Environment (8.0_212) (build 1.8.0_212-release-1586-b4-5784211)
# Java VM: OpenJDK 64-Bit Server VM (25.212-b4-5784211 mixed mode linux-amd64 compressed oops)
Heap:
 PSYoungGen      total 354816K, used 3296K [0x00000000e0000000, 0x00000000f8900000, 0x0000000100000000)
  eden space 317440K, 0% used [0x00000000e0000000,0x00000000e0000000,0x00000000f3600000)
  from space 37376K, 8% used [0x00000000f3600000,0x00000000f3938008,0x00000000f5a80000)
  to   space 26624K, 0% used [0x00000000f5a80000,0x00000000f5a80000,0x00000000f7480000)
 ParOldGen       total 153088K, used 80088K [0x00000000a0000000, 0x00000000a9580000, 0x00000000e0000000)
  object space 153088K, 52% used [0x00000000a0000000,0x00000000a4e362c8,0x00000000a9580000)
 Metaspace       used 70521K, capacity 72958K, committed 73432K, reserved 1112064K
  class space    used 9296K, capacity 9868K, committed 9944K, reserved 1048576K
GC Heap History (10 events):
Event: 45,101 GC heap after
Heap after GC invocations=20 (full 3):
 PSYoungGen      total 254976K, used 13581K [0x00000000e0000000, 0x00000000f3800000, 0x0000000100000000)
  eden space 235520K, 0% used [0x00000000e0000000,0x00000000e0000000,0x00000000ee600000)
  from space 19456K, 69% used [0x00000000ee600000,0x00000000ef343578,0x00000000ef900000)
  to   space 19968K, 0% used [0x00000000f2480000,0x00000000f2480000,0x00000000f3800000)
 ParOldGen       total 87552K, used 36008K [0x00000000a0000000, 0x00000000a5580000, 0x00000000e0000000)
  object space 87552K, 41% used [0x00000000a0000000,0x00000000a232a270,0x00000000a5580000)
 Metaspace       used 64157K, capacity 66414K, committed 66520K, reserved 1105920K
  class space    used 8634K, capacity 9168K, committed 9176K, reserved 1048576K
}
Event: 46,265 GC heap before
{Heap before GC invocations=21 (full 3):
 PSYoungGen      total 254976K, used 249101K [0x00000000e0000000, 0x00000000f3800000, 0x0000000100000000)
  eden space 235520K, 100% used [0x00000000e0000000,0x00000000ee600000,0x00000000ee600000)
  from space 19456K, 69% used [0x00000000ee600000,0x00000000ef343578,0x00000000ef900000)
  to   space 19968K, 0% used [0x00000000f2480000,0x00000000f2480000,0x00000000f3800000)
 ParOldGen       total 87552K, used 36008K [0x00000000a0000000, 0x00000000a5580000, 0x00000000e0000000)
  object space 87552K, 41% used [0x00000000a0000000,0x00000000a232a270,0x00000000a5580000)
 Metaspace       used 64180K, capacity 66414K, committed 66520K, reserved 1105920K
  class space    used 8634K, capacity 9168K, committed 9176K, reserved 1048576K
Event: 46,337 GC heap after
Heap after GC invocations=21 (full 3):
 PSYoungGen      total 291328K, used 19961K [0x00000000e0000000, 0x00000000f4f80000, 0x0000000100000000)
  eden space 271360K, 0% used [0x00000000e0000000,0x00000000e0000000,0x00000000f0900000)
  from space 19968K, 99% used [0x00000000f2480000,0x00000000f37fe568,0x00000000f3800000)
  to   space 28160K, 0% used [0x00000000f0900000,0x00000000f0900000,0x00000000f2480000)
 ParOldGen       total 87552K, used 49943K [0x00000000a0000000, 0x00000000a5580000, 0x00000000e0000000)
  object space 87552K, 57% used [0x00000000a0000000,0x00000000a30c5c78,0x00000000a5580000)
 Metaspace       used 64180K, capacity 66414K, committed 66520K, reserved 1105920K
  class space    used 8634K, capacity 9168K, committed 9176K, reserved 1048576K
}
Event: 49,016 GC heap before
{Heap before GC invocations=22 (full 3):
 PSYoungGen      total 291328K, used 291216K [0x00000000e0000000, 0x00000000f4f80000, 0x0000000100000000)
  eden space 271360K, 99% used [0x00000000e0000000,0x00000000f08e5e18,0x00000000f0900000)
  from space 19968K, 99% used [0x00000000f2480000,0x00000000f37fe568,0x00000000f3800000)
  to   space 28160K, 0% used [0x00000000f0900000,0x00000000f0900000,0x00000000f2480000)
 ParOldGen       total 87552K, used 49943K [0x00000000a0000000, 0x00000000a5580000, 0x00000000e0000000)
  object space 87552K, 57% used [0x00000000a0000000,0x00000000a30c5c78,0x00000000a5580000)
 Metaspace       used 64458K, capacity 66874K, committed 67032K, reserved 1107968K
  class space    used 8643K, capacity 9168K, committed 9176K, reserved 1048576K
Event: 49,065 GC heap after
Heap after GC invocations=22 (full 3):
 PSYoungGen      total 299520K, used 11788K [0x00000000e0000000, 0x00000000f7480000, 0x0000000100000000)
  eden space 271360K, 0% used [0x00000000e0000000,0x00000000e0000000,0x00000000f0900000)
  from space 28160K, 41% used [0x00000000f0900000,0x00000000f14831f0,0x00000000f2480000)
  to   space 26624K, 0% used [0x00000000f5a80000,0x00000000f5a80000,0x00000000f7480000)
 ParOldGen       total 87552K, used 57934K [0x00000000a0000000, 0x00000000a5580000, 0x00000000e0000000)
  object space 87552K, 66% used [0x00000000a0000000,0x00000000a38939a8,0x00000000a5580000)
 Metaspace       used 64458K, capacity 66874K, committed 67032K, reserved 1107968K
  class space    used 8643K, capacity 9168K, committed 9176K, reserved 1048576K
}
Event: 58,249 GC heap before
{Heap before GC invocations=23 (full 3):
 PSYoungGen      total 299520K, used 283148K [0x00000000e0000000, 0x00000000f7480000, 0x0000000100000000)
  eden space 271360K, 100% used [0x00000000e0000000,0x00000000f0900000,0x00000000f0900000)
  from space 28160K, 41% used [0x00000000f0900000,0x00000000f14831f0,0x00000000f2480000)
  to   space 26624K, 0% used [0x00000000f5a80000,0x00000000f5a80000,0x00000000f7480000)
 ParOldGen       total 87552K, used 57934K [0x00000000a0000000, 0x00000000a5580000, 0x00000000e0000000)
  object space 87552K, 66% used [0x00000000a0000000,0x00000000a38939a8,0x00000000a5580000)
 Metaspace       used 69598K, capacity 72202K, committed 72280K, reserved 1112064K
  class space    used 9214K, capacity 9806K, committed 9816K, reserved 1048576K
Event: 58,490 GC heap after
Heap after GC invocations=23 (full 3):
 PSYoungGen      total 344064K, used 26609K [0x00000000e0000000, 0x00000000f8900000, 0x0000000100000000)
  eden space 317440K, 0% used [0x00000000e0000000,0x00000000e0000000,0x00000000f3600000)
  from space 26624K, 99% used [0x00000000f5a80000,0x00000000f747c540,0x00000000f7480000)
  to   space 37376K, 0% used [0x00000000f3600000,0x00000000f3600000,0x00000000f5a80000)
 ParOldGen       total 87552K, used 76696K [0x00000000a0000000, 0x00000000a5580000, 0x00000000e0000000)
  object space 87552K, 87% used [0x00000000a0000000,0x00000000a4ae6110,0x00000000a5580000)
 Metaspace       used 69598K, capacity 72202K, committed 72280K, reserved 1112064K
  class space    used 9214K, capacity 9806K, committed 9816K, reserved 1048576K
}
Event: 58,490 GC heap before
{Heap before GC invocations=24 (full 4):
 PSYoungGen      total 344064K, used 26609K [0x00000000e0000000, 0x00000000f8900000, 0x0000000100000000)
  eden space 317440K, 0% used [0x00000000e0000000,0x00000000e0000000,0x00000000f3600000)
  from space 26624K, 99% used [0x00000000f5a80000,0x00000000f747c540,0x00000000f7480000)
  to   space 37376K, 0% used [0x00000000f3600000,0x00000000f3600000,0x00000000f5a80000)
 ParOldGen       total 87552K, used 76696K [0x00000000a0000000, 0x00000000a5580000, 0x00000000e0000000)
  object space 87552K, 87% used [0x00000000a0000000,0x00000000a4ae6110,0x00000000a5580000)
 Metaspace       used 69598K, capacity 72202K, committed 72280K, reserved 1112064K
  class space    used 9214K, capacity 9806K, committed 9816K, reserved 1048576K
Event: 59,149 GC heap after
Heap after GC invocations=24 (full 4):
 PSYoungGen      total 344064K, used 0K [0x00000000e0000000, 0x00000000f8900000, 0x0000000100000000)
  eden space 317440K, 0% used [0x00000000e0000000,0x00000000e0000000,0x00000000f3600000)
  from space 26624K, 0% used [0x00000000f5a80000,0x00000000f5a80000,0x00000000f7480000)
  to   space 37376K, 0% used [0x00000000f3600000,0x00000000f3600000,0x00000000f5a80000)
 ParOldGen       total 153088K, used 80080K [0x00000000a0000000, 0x00000000a9580000, 0x00000000e0000000)
  object space 153088K, 52% used [0x00000000a0000000,0x00000000a4e342c8,0x00000000a9580000)
 Metaspace       used 69475K, capacity 71836K, committed 72280K, reserved 1112064K
  class space    used 9175K, capacity 9737K, committed 9816K, reserved 1048576K
}
Event: 70,562 GC heap before
{Heap before GC invocations=25 (full 4):
 PSYoungGen      total 344064K, used 317440K [0x00000000e0000000, 0x00000000f8900000, 0x0000000100000000)
  eden space 317440K, 100% used [0x00000000e0000000,0x00000000f3600000,0x00000000f3600000)
  from space 26624K, 0% used [0x00000000f5a80000,0x00000000f5a80000,0x00000000f7480000)
  to   space 37376K, 0% used [0x00000000f3600000,0x00000000f3600000,0x00000000f5a80000)
 ParOldGen       total 153088K, used 80080K [0x00000000a0000000, 0x00000000a9580000, 0x00000000e0000000)
  object space 153088K, 52% used [0x00000000a0000000,0x00000000a4e342c8,0x00000000a9580000)
 Metaspace       used 70521K, capacity 72958K, committed 73432K, reserved 1112064K
  class space    used 9296K, capacity 9868K, committed 9944K, reserved 1048576K

